-------------------------------------------------------------------------------
Test set: com.epam.charsequence.tests.CharacterTest
-------------------------------------------------------------------------------
Tests run: 2, Failures: 1, Errors: 0, Skipped: 0, Time elapsed: 13.552 s <<< FAILURE! - in com.epam.charsequence.tests.CharacterTest
testMaxConsecutiveLetters  Time elapsed: 7.293 s  <<< FAILURE!
org.opentest4j.AssertionFailedError: Incorrect result for consecutive letters! ==> expected: <4> but was: <2>
	at com.epam.charsequence.tests.CharacterTest.testMaxConsecutiveLetters(CharacterTest.java:44)

